This is pdfTeX, Version 3.14159265-2.6-1.40.16 (TeX Live 2015/Debian) (preloaded format=pdflatex 2018.8.23)  18 SEP 2018 15:52
entering extended mode
 restricted \write18 enabled.
 %&-line parsing enabled.
**MasterThesis.tex
(./MasterThesis.tex
LaTeX2e <2016/02/01>
Babel <3.9q> and hyphenation patterns for 81 language(s) loaded.
(/usr/share/texlive/texmf-dist/tex/latex/base/report.cls
Document Class: report 2014/09/29 v1.4h Standard LaTeX document class
(/usr/share/texlive/texmf-dist/tex/latex/base/size12.clo
File: size12.clo 2014/09/29 v1.4h Standard LaTeX file (size option)
)
\c@part=\count79
\c@chapter=\count80
\c@section=\count81
\c@subsection=\count82
\c@subsubsection=\count83
\c@paragraph=\count84
\c@subparagraph=\count85
\c@figure=\count86
\c@table=\count87
\abovecaptionskip=\skip41
\belowcaptionskip=\skip42
\bibindent=\dimen102
)
(/usr/share/texlive/texmf-dist/tex/latex/geometry/geometry.sty
Package: geometry 2010/09/12 v5.6 Page Geometry

(/usr/share/texlive/texmf-dist/tex/latex/graphics/keyval.sty
Package: keyval 2014/10/28 v1.15 key=value parser (DPC)
\KV@toks@=\toks14
)
(/usr/share/texlive/texmf-dist/tex/generic/oberdiek/ifpdf.sty
Package: ifpdf 2011/01/30 v2.3 Provides the ifpdf switch (HO)
Package ifpdf Info: pdfTeX in PDF mode is detected.
)
(/usr/share/texlive/texmf-dist/tex/generic/oberdiek/ifvtex.sty
Package: ifvtex 2010/03/01 v1.5 Detect VTeX and its facilities (HO)
Package ifvtex Info: VTeX not detected.
)
(/usr/share/texlive/texmf-dist/tex/generic/ifxetex/ifxetex.sty
Package: ifxetex 2010/09/12 v0.6 Provides ifxetex conditional
)
\Gm@cnth=\count88
\Gm@cntv=\count89
\c@Gm@tempcnt=\count90
\Gm@bindingoffset=\dimen103
\Gm@wd@mp=\dimen104
\Gm@odd@mp=\dimen105
\Gm@even@mp=\dimen106
\Gm@layoutwidth=\dimen107
\Gm@layoutheight=\dimen108
\Gm@layouthoffset=\dimen109
\Gm@layoutvoffset=\dimen110
\Gm@dimlist=\toks15
)
(/usr/share/texlive/texmf-dist/tex/latex/pdfpages/pdfpages.sty
Package: pdfpages 2015/09/18 v0.5d Insert pages of external PDF documents (AM)

(/usr/share/texlive/texmf-dist/tex/latex/base/ifthen.sty
Package: ifthen 2014/09/29 v1.1c Standard LaTeX ifthen package (DPC)
)
(/usr/share/texlive/texmf-dist/tex/latex/tools/calc.sty
Package: calc 2014/10/28 v4.3 Infix arithmetic (KKT,FJ)
\calc@Acount=\count91
\calc@Bcount=\count92
\calc@Adimen=\dimen111
\calc@Bdimen=\dimen112
\calc@Askip=\skip43
\calc@Bskip=\skip44
LaTeX Info: Redefining \setlength on input line 80.
LaTeX Info: Redefining \addtolength on input line 81.
\calc@Ccount=\count93
\calc@Cskip=\skip45
)
(/usr/share/texlive/texmf-dist/tex/latex/eso-pic/eso-pic.sty
Package: eso-pic 2015/07/21 v2.0g eso-pic (RN)

(/usr/share/texlive/texmf-dist/tex/generic/oberdiek/atbegshi.sty
Package: atbegshi 2011/10/05 v1.16 At begin shipout hook (HO)

(/usr/share/texlive/texmf-dist/tex/generic/oberdiek/infwarerr.sty
Package: infwarerr 2010/04/08 v1.3 Providing info/warning/error messages (HO)
)
(/usr/share/texlive/texmf-dist/tex/generic/oberdiek/ltxcmds.sty
Package: ltxcmds 2011/11/09 v1.22 LaTeX kernel commands for general use (HO)
))
(/usr/share/texlive/texmf-dist/tex/latex/xcolor/xcolor.sty
Package: xcolor 2007/01/21 v2.11 LaTeX color extensions (UK)

(/usr/share/texlive/texmf-dist/tex/latex/latexconfig/color.cfg
File: color.cfg 2007/01/18 v1.5 color configuration of teTeX/TeXLive
)
Package xcolor Info: Driver file: pdftex.def on input line 225.

(/usr/share/texlive/texmf-dist/tex/latex/pdftex-def/pdftex.def
File: pdftex.def 2011/05/27 v0.06d Graphics/color for pdfTeX
\Gread@gobject=\count94
)
Package xcolor Info: Model `cmy' substituted by `cmy0' on input line 1337.
Package xcolor Info: Model `hsb' substituted by `rgb' on input line 1341.
Package xcolor Info: Model `RGB' extended on input line 1353.
Package xcolor Info: Model `HTML' substituted by `rgb' on input line 1355.
Package xcolor Info: Model `Hsb' substituted by `hsb' on input line 1356.
Package xcolor Info: Model `tHsb' substituted by `hsb' on input line 1357.
Package xcolor Info: Model `HSB' substituted by `hsb' on input line 1358.
Package xcolor Info: Model `Gray' substituted by `gray' on input line 1359.
Package xcolor Info: Model `wave' substituted by `hsb' on input line 1360.
))
(/usr/share/texlive/texmf-dist/tex/latex/graphics/graphicx.sty
Package: graphicx 2014/10/28 v1.0g Enhanced LaTeX Graphics (DPC,SPQR)

(/usr/share/texlive/texmf-dist/tex/latex/graphics/graphics.sty
Package: graphics 2016/01/03 v1.0q Standard LaTeX Graphics (DPC,SPQR)

(/usr/share/texlive/texmf-dist/tex/latex/graphics/trig.sty
Package: trig 2016/01/03 v1.10 sin cos tan (DPC)
)
(/usr/share/texlive/texmf-dist/tex/latex/latexconfig/graphics.cfg
File: graphics.cfg 2010/04/23 v1.9 graphics configuration of TeX Live
)
Package graphics Info: Driver file: pdftex.def on input line 95.
)
\Gin@req@height=\dimen113
\Gin@req@width=\dimen114
)
\AM@pagewidth=\dimen115
\AM@pageheight=\dimen116

(/usr/share/texlive/texmf-dist/tex/latex/pdfpages/pppdftex.def
File: pppdftex.def 2015/09/18 v0.5d Pdfpages driver for pdfTeX (AM)
)
\AM@pagebox=\box26
\AM@toc@title=\toks16
\c@AM@survey=\count95
\AM@templatesizebox=\box27
)
(/usr/share/texlive/texmf-dist/tex/latex/hyperref/hyperref.sty
Package: hyperref 2012/11/06 v6.83m Hypertext links for LaTeX

(/usr/share/texlive/texmf-dist/tex/generic/oberdiek/hobsub-hyperref.sty
Package: hobsub-hyperref 2012/05/28 v1.13 Bundle oberdiek, subset hyperref (HO)


(/usr/share/texlive/texmf-dist/tex/generic/oberdiek/hobsub-generic.sty
Package: hobsub-generic 2012/05/28 v1.13 Bundle oberdiek, subset generic (HO)
Package: hobsub 2012/05/28 v1.13 Construct package bundles (HO)
Package hobsub Info: Skipping package `infwarerr' (already loaded).
Package hobsub Info: Skipping package `ltxcmds' (already loaded).
Package: ifluatex 2010/03/01 v1.3 Provides the ifluatex switch (HO)
Package ifluatex Info: LuaTeX not detected.
Package hobsub Info: Skipping package `ifvtex' (already loaded).
Package: intcalc 2007/09/27 v1.1 Expandable calculations with integers (HO)
Package hobsub Info: Skipping package `ifpdf' (already loaded).
Package: etexcmds 2011/02/16 v1.5 Avoid name clashes with e-TeX commands (HO)
Package etexcmds Info: Could not find \expanded.
(etexcmds)             That can mean that you are not using pdfTeX 1.50 or
(etexcmds)             that some package has redefined \expanded.
(etexcmds)             In the latter case, load this package earlier.
Package: kvsetkeys 2012/04/25 v1.16 Key value parser (HO)
Package: kvdefinekeys 2011/04/07 v1.3 Define keys (HO)
Package: pdftexcmds 2011/11/29 v0.20 Utility functions of pdfTeX for LuaTeX (HO
)
Package pdftexcmds Info: LuaTeX not detected.
Package pdftexcmds Info: \pdf@primitive is available.
Package pdftexcmds Info: \pdf@ifprimitive is available.
Package pdftexcmds Info: \pdfdraftmode found.
Package: pdfescape 2011/11/25 v1.13 Implements pdfTeX's escape features (HO)
Package: bigintcalc 2012/04/08 v1.3 Expandable calculations on big integers (HO
)
Package: bitset 2011/01/30 v1.1 Handle bit-vector datatype (HO)
Package: uniquecounter 2011/01/30 v1.2 Provide unlimited unique counter (HO)
)
Package hobsub Info: Skipping package `hobsub' (already loaded).
Package: letltxmacro 2010/09/02 v1.4 Let assignment for LaTeX macros (HO)
Package: hopatch 2012/05/28 v1.2 Wrapper for package hooks (HO)
Package: xcolor-patch 2011/01/30 xcolor patch
Package: atveryend 2011/06/30 v1.8 Hooks at the very end of document (HO)
Package atveryend Info: \enddocument detected (standard20110627).
Package hobsub Info: Skipping package `atbegshi' (already loaded).
Package: refcount 2011/10/16 v3.4 Data extraction from label references (HO)
Package: hycolor 2011/01/30 v1.7 Color options for hyperref/bookmark (HO)
)
(/usr/share/texlive/texmf-dist/tex/latex/oberdiek/auxhook.sty
Package: auxhook 2011/03/04 v1.3 Hooks for auxiliary files (HO)
)
(/usr/share/texlive/texmf-dist/tex/latex/oberdiek/kvoptions.sty
Package: kvoptions 2011/06/30 v3.11 Key value format for package options (HO)
)
\@linkdim=\dimen117
\Hy@linkcounter=\count96
\Hy@pagecounter=\count97

(/usr/share/texlive/texmf-dist/tex/latex/hyperref/pd1enc.def
File: pd1enc.def 2012/11/06 v6.83m Hyperref: PDFDocEncoding definition (HO)
)
\Hy@SavedSpaceFactor=\count98

(/usr/share/texlive/texmf-dist/tex/latex/latexconfig/hyperref.cfg
File: hyperref.cfg 2002/06/06 v1.2 hyperref configuration of TeXLive
)
Package hyperref Info: Hyper figures OFF on input line 4443.
Package hyperref Info: Link nesting OFF on input line 4448.
Package hyperref Info: Hyper index ON on input line 4451.
Package hyperref Info: Plain pages OFF on input line 4458.
Package hyperref Info: Backreferencing OFF on input line 4463.
Package hyperref Info: Implicit mode ON; LaTeX internals redefined.
Package hyperref Info: Bookmarks ON on input line 4688.
\c@Hy@tempcnt=\count99

(/usr/share/texlive/texmf-dist/tex/latex/url/url.sty
\Urlmuskip=\muskip10
Package: url 2013/09/16  ver 3.4  Verb mode for urls, etc.
)
LaTeX Info: Redefining \url on input line 5041.
\XeTeXLinkMargin=\dimen118
\Fld@menulength=\count100
\Field@Width=\dimen119
\Fld@charsize=\dimen120
Package hyperref Info: Hyper figures OFF on input line 6295.
Package hyperref Info: Link nesting OFF on input line 6300.
Package hyperref Info: Hyper index ON on input line 6303.
Package hyperref Info: backreferencing OFF on input line 6310.
Package hyperref Info: Link coloring OFF on input line 6315.
Package hyperref Info: Link coloring with OCG OFF on input line 6320.
Package hyperref Info: PDF/A mode OFF on input line 6325.
LaTeX Info: Redefining \ref on input line 6365.
LaTeX Info: Redefining \pageref on input line 6369.
\Hy@abspage=\count101
\c@Item=\count102
\c@Hfootnote=\count103
)

Package hyperref Message: Driver (autodetected): hpdftex.

(/usr/share/texlive/texmf-dist/tex/latex/hyperref/hpdftex.def
File: hpdftex.def 2012/11/06 v6.83m Hyperref driver for pdfTeX
\Fld@listcount=\count104
\c@bookmark@seq@number=\count105

(/usr/share/texlive/texmf-dist/tex/latex/oberdiek/rerunfilecheck.sty
Package: rerunfilecheck 2011/04/15 v1.7 Rerun checks for auxiliary files (HO)
Package uniquecounter Info: New unique counter `rerunfilecheck' on input line 2
82.
)
\Hy@SectionHShift=\skip46
)
(/usr/share/texlive/texmf-dist/tex/latex/listings/listings.sty
\lst@mode=\count106
\lst@gtempboxa=\box28
\lst@token=\toks17
\lst@length=\count107
\lst@currlwidth=\dimen121
\lst@column=\count108
\lst@pos=\count109
\lst@lostspace=\dimen122
\lst@width=\dimen123
\lst@newlines=\count110
\lst@lineno=\count111
\lst@maxwidth=\dimen124

(/usr/share/texlive/texmf-dist/tex/latex/listings/lstmisc.sty
File: lstmisc.sty 2015/06/04 1.6 (Carsten Heinz)
\c@lstnumber=\count112
\lst@skipnumbers=\count113
\lst@framebox=\box29
)
(/usr/share/texlive/texmf-dist/tex/latex/listings/listings.cfg
File: listings.cfg 2015/06/04 1.6 listings configuration
))
Package: listings 2015/06/04 1.6 (Carsten Heinz)

(/usr/share/texlive/texmf-dist/tex/latex/setspace/setspace.sty
Package: setspace 2011/12/19 v6.7a set line spacing
)
(/usr/share/texlive/texmf-dist/tex/latex/tocloft/tocloft.sty
Package: tocloft 2013/05/02 v2.3f parameterised ToC, etc., typesetting
Package tocloft Info: The document has chapter divisions on input line 44.
\cftparskip=\skip47
\cftbeforetoctitleskip=\skip48
\cftaftertoctitleskip=\skip49
\cftbeforepartskip=\skip50
\cftpartnumwidth=\skip51
\cftpartindent=\skip52
\cftbeforechapskip=\skip53
\cftchapindent=\skip54
\cftchapnumwidth=\skip55
\cftbeforesecskip=\skip56
\cftsecindent=\skip57
\cftsecnumwidth=\skip58
\cftbeforesubsecskip=\skip59
\cftsubsecindent=\skip60
\cftsubsecnumwidth=\skip61
\cftbeforesubsubsecskip=\skip62
\cftsubsubsecindent=\skip63
\cftsubsubsecnumwidth=\skip64
\cftbeforeparaskip=\skip65
\cftparaindent=\skip66
\cftparanumwidth=\skip67
\cftbeforesubparaskip=\skip68
\cftsubparaindent=\skip69
\cftsubparanumwidth=\skip70
\cftbeforeloftitleskip=\skip71
\cftafterloftitleskip=\skip72
\cftbeforefigskip=\skip73
\cftfigindent=\skip74
\cftfignumwidth=\skip75
\c@lofdepth=\count114
\c@lotdepth=\count115
\cftbeforelottitleskip=\skip76
\cftafterlottitleskip=\skip77
\cftbeforetabskip=\skip78
\cfttabindent=\skip79
\cfttabnumwidth=\skip80
)
(/usr/share/texlive/texmf-dist/tex/latex/amsmath/amsmath.sty
Package: amsmath 2016/03/03 v2.15a AMS math features
\@mathmargin=\skip81

For additional information on amsmath, use the `?' option.
(/usr/share/texlive/texmf-dist/tex/latex/amsmath/amstext.sty
Package: amstext 2000/06/29 v2.01 AMS text

(/usr/share/texlive/texmf-dist/tex/latex/amsmath/amsgen.sty
File: amsgen.sty 1999/11/30 v2.0 generic functions
\@emptytoks=\toks18
\ex@=\dimen125
))
(/usr/share/texlive/texmf-dist/tex/latex/amsmath/amsbsy.sty
Package: amsbsy 1999/11/29 v1.2d Bold Symbols
\pmbraise@=\dimen126
)
(/usr/share/texlive/texmf-dist/tex/latex/amsmath/amsopn.sty
Package: amsopn 1999/12/14 v2.01 operator names
)
\inf@bad=\count116
LaTeX Info: Redefining \frac on input line 199.
\uproot@=\count117
\leftroot@=\count118
LaTeX Info: Redefining \overline on input line 297.
\classnum@=\count119
\DOTSCASE@=\count120
LaTeX Info: Redefining \ldots on input line 394.
LaTeX Info: Redefining \dots on input line 397.
LaTeX Info: Redefining \cdots on input line 518.
\Mathstrutbox@=\box30
\strutbox@=\box31
\big@size=\dimen127
LaTeX Font Info:    Redeclaring font encoding OML on input line 630.
LaTeX Font Info:    Redeclaring font encoding OMS on input line 631.
\macc@depth=\count121
\c@MaxMatrixCols=\count122
\dotsspace@=\muskip11
\c@parentequation=\count123
\dspbrk@lvl=\count124
\tag@help=\toks19
\row@=\count125
\column@=\count126
\maxfields@=\count127
\andhelp@=\toks20
\eqnshift@=\dimen128
\alignsep@=\dimen129
\tagshift@=\dimen130
\tagwidth@=\dimen131
\totwidth@=\dimen132
\lineht@=\dimen133
\@envbody=\toks21
\multlinegap=\skip82
\multlinetaggap=\skip83
\mathdisplay@stack=\toks22
LaTeX Info: Redefining \[ on input line 2735.
LaTeX Info: Redefining \] on input line 2736.
)
(/usr/share/texlive/texmf-dist/tex/latex/chngcntr/chngcntr.sty
Package: chngcntr 2009/09/02 v1.0a change counter resetting
)
(/usr/share/texlive/texmf-dist/tex/latex/appendix/appendix.sty
Package: appendix 2009/09/02 v1.2b extra appendix facilities
\c@@pps=\count128
\c@@ppsavesec=\count129
\c@@ppsaveapp=\count130
)
(/usr/share/texlive/texmf-dist/tex/latex/base/fontenc.sty
Package: fontenc 2005/09/27 v1.99g Standard LaTeX package

(/usr/share/texlive/texmf-dist/tex/latex/base/t1enc.def
File: t1enc.def 2005/09/27 v1.99g Standard LaTeX file
LaTeX Font Info:    Redeclaring font encoding T1 on input line 48.
))
(/usr/share/texlive/texmf-dist/tex/latex/tocbibind/tocbibind.sty
Package: tocbibind 2010/10/13 v1.5k extra ToC listings
Package tocbibind Info: The document has chapter divisions on input line 50.


Package tocbibind Note: Using chapter style headings, unless overridden.

) (/usr/share/texlive/texmf-dist/tex/latex/titlesec/titlesec.sty
Package: titlesec 2016/03/15 v2.10.1 Sectioning titles
\ttl@box=\box32
\beforetitleunit=\skip84
\aftertitleunit=\skip85
\ttl@plus=\dimen134
\ttl@minus=\dimen135
\ttl@toksa=\toks23
\titlewidth=\dimen136
\titlewidthlast=\dimen137
\titlewidthfirst=\dimen138
)
(/usr/share/texlive/texmf-dist/tex/latex/base/inputenc.sty
Package: inputenc 2015/03/17 v1.2c Input encoding file
\inpenc@prehook=\toks24
\inpenc@posthook=\toks25

(/usr/share/texlive/texmf-dist/tex/latex/ucs/utf8x.def
File: utf8x.def 2004/10/17 UCS: Input encoding UTF-8
))
(/usr/share/texlive/texmf-dist/tex/latex/ucs/ucs.sty
Package: ucs 2013/05/11 v2.2 UCS: Unicode input support

(/usr/share/texlive/texmf-dist/tex/latex/ucs/data/uni-global.def
File: uni-global.def 2013/05/13 UCS: Unicode global data
)
\uc@secondtry=\count131
\uc@combtoks=\toks26
\uc@combtoksb=\toks27
\uc@temptokena=\toks28
)
(/usr/share/texlive/texmf-dist/tex/latex/enumitem/enumitem.sty
Package: enumitem 2011/09/28 v3.5.2 Customized lists
\labelindent=\skip86
\enit@outerparindent=\dimen139
\enit@toks=\toks29
\enit@inbox=\box33
\enitdp@description=\count132
)
(/usr/share/texlive/texmf-dist/tex/generic/ulem/ulem.sty
\UL@box=\box34
\UL@hyphenbox=\box35
\UL@skip=\skip87
\UL@hook=\toks30
\UL@height=\dimen140
\UL@pe=\count133
\UL@pixel=\dimen141
\ULC@box=\box36
Package: ulem 2012/05/18
\ULdepth=\dimen142
)
(/usr/share/texlive/texmf-dist/tex/latex/multirow/multirow.sty
\bigstrutjot=\dimen143
)
(/usr/share/texlive/texmf-dist/tex/latex/tools/tabularx.sty
Package: tabularx 2014/10/28 v2.10 `tabularx' package (DPC)

(/usr/share/texlive/texmf-dist/tex/latex/tools/array.sty
Package: array 2014/10/28 v2.4c Tabular extension package (FMi)
\col@sep=\dimen144
\extrarowheight=\dimen145
\NC@list=\toks31
\extratabsurround=\skip88
\backup@length=\skip89
)
\TX@col@width=\dimen146
\TX@old@table=\dimen147
\TX@old@col=\dimen148
\TX@target=\dimen149
\TX@delta=\dimen150
\TX@cols=\count134
\TX@ftn=\toks32
)
(/usr/share/texlive/texmf-dist/tex/latex/tools/longtable.sty
Package: longtable 2014/10/28 v4.11 Multi-page Table package (DPC)
\LTleft=\skip90
\LTright=\skip91
\LTpre=\skip92
\LTpost=\skip93
\LTchunksize=\count135
\LTcapwidth=\dimen151
\LT@head=\box37
\LT@firsthead=\box38
\LT@foot=\box39
\LT@lastfoot=\box40
\LT@cols=\count136
\LT@rows=\count137
\c@LT@tables=\count138
\c@LT@chunks=\count139
\LT@p@ftn=\toks33
)
(/usr/share/texlive/texmf-dist/tex/latex/caption/subcaption.sty
Package: subcaption 2016/02/20 v1.1-142 Sub-captions (AR)

(/usr/share/texlive/texmf-dist/tex/latex/caption/caption.sty
Package: caption 2016/02/21 v3.3-144 Customizing captions (AR)

(/usr/share/texlive/texmf-dist/tex/latex/caption/caption3.sty
Package: caption3 2016/02/04 v1.7-139 caption3 kernel (AR)
Package caption3 Info: TeX engine: e-TeX on input line 67.
\captionmargin=\dimen152
\captionmargin@=\dimen153
\captionwidth=\dimen154
\caption@tempdima=\dimen155
\caption@indent=\dimen156
\caption@parindent=\dimen157
\caption@hangindent=\dimen158
)
\c@ContinuedFloat=\count140
Package caption Info: hyperref package is loaded.
Package caption Info: listings package is loaded.
Package caption Info: longtable package is loaded.

(/usr/share/texlive/texmf-dist/tex/latex/caption/ltcaption.sty
Package: ltcaption 2013/06/09 v1.4-94 longtable captions (AR)
))
\c@subfigure=\count141
\c@subtable=\count142
)
(/usr/share/texlive/texmf-dist/tex/latex/tools/xr.sty
Package: xr 1994/05/28 v5.02 eXternal References (DPC)
)
(/usr/share/texlive/texmf-dist/tex/latex/placeins/placeins.sty
Package: placeins 2005/04/18  v 2.2
)

Package xr Warning: 
No file negative_proposals.tex.aux
LABELS NOT IMPORTED.
 on input line 31.


Package xr Warning: 
No file negative_metric.tex.aux
LABELS NOT IMPORTED.
 on input line 32.


Package xr Warning: 
No file positive_proposals.tex.aux
LABELS NOT IMPORTED.
 on input line 33.


Package xr Warning: 
No file positive_metrics.tex.aux
LABELS NOT IMPORTED.
 on input line 34.

\@input{thesis.preamble.aux}
\openout2 = `thesis.preamble.aux'.

(./thesis.preamble.tex
(/usr/share/texlive/texmf-dist/tex/latex/tools/verbatim.sty
Package: verbatim 2014/10/28 v1.5q LaTeX2e package for verbatim enhancements
\every@verbatim=\toks34
\verbatim@line=\toks35
\verbatim@in@stream=\read1
)
(/usr/share/texlive/texmf-dist/tex/latex/base/latexsym.sty
Package: latexsym 1998/08/17 v2.2e Standard LaTeX package (lasy symbols)
\symlasy=\mathgroup4
LaTeX Font Info:    Overwriting symbol font `lasy' in version `bold'
(Font)                  U/lasy/m/n --> U/lasy/b/n on input line 52.
) (./mathchars.sty)
(/usr/share/texlive/texmf-dist/tex/latex/blindtext/blindtext.sty
Package: blindtext 2012/01/06 V2.0 blindtext-Package

(/usr/share/texlive/texmf-dist/tex/latex/tools/xspace.sty
Package: xspace 2014/10/28 v1.13 Space after command names (DPC,MH)
)
\c@blindtext=\count143
\c@Blindtext=\count144
\c@blind@countparstart=\count145
\blind@countxx=\count146
\blindtext@numBlindtext=\count147
\blind@countyy=\count148
\c@blindlist=\count149
\c@blindlistlevel=\count150
\c@blindlist@level=\count151
\blind@listitem=\count152
\c@blind@listcount=\count153
\c@blind@levelcount=\count154
\blind@mathformula=\count155
\blind@Mathformula=\count156
\c@blind@randomcount=\count157
\c@blind@randommax=\count158
\c@blind@pangramcount=\count159
\c@blind@pangrammax=\count160
)
(/usr/share/texlive/texmf-dist/tex/latex/float/float.sty
Package: float 2001/11/08 v1.3d Float enhancements (AL)
\c@float@type=\count161
\float@exts=\toks36
\float@box=\box41
\@float@everytoks=\toks37
\@floatcapt=\box42
) (./blocked.sty)
(./uhead.sty) (./boxit.sty) (./icthesis.sty)
\c@definition=\count162
\c@theorem=\count163
) (./MasterThesis.aux)
\openout1 = `MasterThesis.aux'.

LaTeX Font Info:    Checking defaults for OML/cmm/m/it on input line 43.
LaTeX Font Info:    ... okay on input line 43.
LaTeX Font Info:    Checking defaults for T1/cmr/m/n on input line 43.
LaTeX Font Info:    ... okay on input line 43.
LaTeX Font Info:    Checking defaults for OT1/cmr/m/n on input line 43.
LaTeX Font Info:    ... okay on input line 43.
LaTeX Font Info:    Checking defaults for OMS/cmsy/m/n on input line 43.
LaTeX Font Info:    ... okay on input line 43.
LaTeX Font Info:    Checking defaults for OMX/cmex/m/n on input line 43.
LaTeX Font Info:    ... okay on input line 43.
LaTeX Font Info:    Checking defaults for U/cmr/m/n on input line 43.
LaTeX Font Info:    ... okay on input line 43.
LaTeX Font Info:    Checking defaults for PD1/pdf/m/n on input line 43.
LaTeX Font Info:    ... okay on input line 43.

*geometry* driver: auto-detecting
*geometry* detected driver: pdftex
*geometry* verbose mode - [ preamble ] result:
* driver: pdftex
* paper: a4paper
* layout: <same size as paper>
* layoutoffset:(h,v)=(0.0pt,0.0pt)
* modes: twoside 
* h-part:(L,W,R)=(85.35826pt, 426.79135pt, 85.35826pt)
* v-part:(T,H,B)=(85.35826pt, 674.33032pt, 85.35826pt)
* \paperwidth=597.50787pt
* \paperheight=845.04684pt
* \textwidth=426.79135pt
* \textheight=674.33032pt
* \oddsidemargin=13.08827pt
* \evensidemargin=13.08827pt
* \topmargin=-23.91173pt
* \headheight=12.0pt
* \headsep=25.0pt
* \topskip=12.0pt
* \footskip=30.0pt
* \marginparwidth=85.0pt
* \marginparsep=10.0pt
* \columnsep=10.0pt
* \skip\footins=10.8pt plus 4.0pt minus 2.0pt
* \hoffset=0.0pt
* \voffset=0.0pt
* \mag=1000
* \@twocolumnfalse
* \@twosidetrue
* \@mparswitchtrue
* \@reversemarginfalse
* (1in=72.27pt=25.4mm, 1cm=28.453pt)

\AtBeginShipoutBox=\box43
(/usr/share/texlive/texmf-dist/tex/context/base/supp-pdf.mkii
[Loading MPS to PDF converter (version 2006.09.02).]
\scratchcounter=\count164
\scratchdimen=\dimen159
\scratchbox=\box44
\nofMPsegments=\count165
\nofMParguments=\count166
\everyMPshowfont=\toks38
\MPscratchCnt=\count167
\MPscratchDim=\dimen160
\MPnumerator=\count168
\makeMPintoPDFobject=\count169
\everyMPtoPDFconversion=\toks39
) (/usr/share/texlive/texmf-dist/tex/latex/oberdiek/epstopdf-base.sty
Package: epstopdf-base 2010/02/09 v2.5 Base part for package epstopdf

(/usr/share/texlive/texmf-dist/tex/latex/oberdiek/grfext.sty
Package: grfext 2010/08/19 v1.1 Manage graphics extensions (HO)
)
Package grfext Info: Graphics extension search list:
(grfext)             [.png,.pdf,.jpg,.mps,.jpeg,.jbig2,.jb2,.PNG,.PDF,.JPG,.JPE
G,.JBIG2,.JB2,.eps]
(grfext)             \AppendGraphicsExtensions on input line 452.

(/usr/share/texlive/texmf-dist/tex/latex/latexconfig/epstopdf-sys.cfg
File: epstopdf-sys.cfg 2010/07/13 v1.3 Configuration of (r)epstopdf for TeX Liv
e
))
(/usr/share/texlive/texmf-dist/tex/latex/oberdiek/pdflscape.sty
Package: pdflscape 2008/08/11 v0.10 Display of landscape pages in PDF (HO)

(/usr/share/texlive/texmf-dist/tex/latex/graphics/lscape.sty
Package: lscape 2000/10/22 v3.01 Landscape Pages (DPC)
)
Package pdflscape Info: Auto-detected driver: pdftex on input line 80.
)
Package hyperref Info: Link coloring OFF on input line 43.

(/usr/share/texlive/texmf-dist/tex/latex/hyperref/nameref.sty
Package: nameref 2012/10/27 v2.43 Cross-referencing by name of section

(/usr/share/texlive/texmf-dist/tex/generic/oberdiek/gettitlestring.sty
Package: gettitlestring 2010/12/03 v1.4 Cleanup title references (HO)
)
\c@section@level=\count170
)
LaTeX Info: Redefining \ref on input line 43.
LaTeX Info: Redefining \pageref on input line 43.
LaTeX Info: Redefining \nameref on input line 43.

(./MasterThesis.out) (./MasterThesis.out)
\@outlinefile=\write3
\openout3 = `MasterThesis.out'.

\c@lstlisting=\count171

(/usr/share/texlive/texmf-dist/tex/latex/ucs/ucsencs.def
File: ucsencs.def 2011/01/21 Fixes to fontencodings LGR, T3
)
Package caption Info: Begin \AtBeginDocument code.
Package caption Info: float package is loaded.
Package caption Info: End \AtBeginDocument code.
*geometry* verbose mode - [ newgeometry ] result:
* driver: pdftex
* paper: a4paper
* layout: <same size as paper>
* layoutoffset:(h,v)=(0.0pt,0.0pt)
* modes: twoside 
* h-part:(L,W,R)=(56.9055pt, 483.69687pt, 56.9055pt)
* v-part:(T,H,B)=(101.40665pt, 591.5302pt, 152.11pt)
* \paperwidth=597.50787pt
* \paperheight=845.04684pt
* \textwidth=483.69687pt
* \textheight=591.5302pt
* \oddsidemargin=-15.36449pt
* \evensidemargin=-15.36449pt
* \topmargin=-7.86334pt
* \headheight=12.0pt
* \headsep=25.0pt
* \topskip=12.0pt
* \footskip=30.0pt
* \marginparwidth=85.0pt
* \marginparsep=10.0pt
* \columnsep=10.0pt
* \skip\footins=10.8pt plus 4.0pt minus 2.0pt
* \hoffset=0.0pt
* \voffset=0.0pt
* \mag=1000
* \@twocolumnfalse
* \@twosidetrue
* \@mparswitchtrue
* \@reversemarginfalse
* (1in=72.27pt=25.4mm, 1cm=28.453pt)


(/usr/share/texlive/texmf-dist/tex/latex/ucs/data/uni-0.def
File: uni-0.def 2013/05/13 UCS: Unicode data U+0000..U+00FF
)
<Figures/LogoPompeuFabra.jpg, id=148, 632.3625pt x 321.2pt>
File: Figures/LogoPompeuFabra.jpg Graphic file (type jpg)

<use Figures/LogoPompeuFabra.jpg>
Package pdftex.def Info: Figures/LogoPompeuFabra.jpg used on input line 54.
(pdftex.def)             Requested size: 227.62204pt x 115.6172pt.
 [1




{/var/lib/texmf/fonts/map/pdftex/updmap/pdftex.map} <./Figures/LogoPompeuFabra.
jpg>] [2

]
File: Figures/LogoPompeuFabra.jpg Graphic file (type jpg)

<use Figures/LogoPompeuFabra.jpg>
Package pdftex.def Info: Figures/LogoPompeuFabra.jpg used on input line 56.
(pdftex.def)             Requested size: 227.62204pt x 115.6172pt.
 [3] [4

] (./MasterThesis.toc
LaTeX Font Info:    Try loading font information for U+lasy on input line 1.

(/usr/share/texlive/texmf-dist/tex/latex/base/ulasy.fd
File: ulasy.fd 1998/08/17 v2.2e LaTeX symbol font definitions
)
Underfull \vbox (badness 4660) has occurred while \output is active []

 [1

])
\tf@toc=\write4
\openout4 = `MasterThesis.toc'.

pdfTeX warning (ext4): destination with the same identifier (name{page.}) has b
een already used, duplicate ignored
<to be read again> 
                   \relax 
l.61 \cleardoublepage
                      [2] (./abstract.texpdfTeX warning (ext4): destination wit
h the same identifier (name{page.}) has been already used, duplicate ignored
<to be read again> 
                   \relax 
l.14 \newpage
              [1

]pdfTeX warning (ext4): destination with the same identifier (name{page.}) has 
been already used, duplicate ignored
<to be read again> 
                   \relax 
l.15 \end{abstract}
                    [2

]) (./introduction.tex
Chapter 1.
pdfTeX warning (ext4): destination with the same identifier (name{page.1}) has 
been already used, duplicate ignored
<to be read again> 
                   \relax 
l.11 
      [1



]pdfTeX warning (ext4): destination with the same identifier (name{page.2}) has
 been already used, duplicate ignored
<to be read again> 
                   \relax 
l.21 
      [2]pdfTeX warning (ext4): destination with the same identifier (name{page
.3}) has been already used, duplicate ignored
<to be read again> 
                   \relax 
l.35 \newpage
              [3]) (./methods.tex
Chapter 2.
pdfTeX warning (ext4): destination with the same identifier (name{page.4}) has 
been already used, duplicate ignored
<to be read again> 
                   \relax 
l.11 
      [4

]
LaTeX Font Info:    Try loading font information for T1+cmtt on input line 17.
 (/usr/share/texlive/texmf-dist/tex/latex/base/t1cmtt.fd
File: t1cmtt.fd 2014/09/29 v2.5h Standard LaTeX font definitions
) [5] [6]
Underfull \vbox (badness 10000) has occurred while \output is active []

 [7]
Overfull \hbox (9.24812pt too wide) in paragraph at lines 51--52
[]\T1/cmr/m/n/12 The im-ple-men-ta-tion of LSA over the set of doc-u-ments (pro
-pos-als) of de-cidim.barcelona
 []

[8] <Figures/word2vec.png, id=301, 566.115pt x 331.2375pt>
File: Figures/word2vec.png Graphic file (type png)

<use Figures/word2vec.png>
Package pdftex.def Info: Figures/word2vec.png used on input line 63.
(pdftex.def)             Requested size: 284.52756pt x 166.4826pt.
 [9 <./Figures/word2vec.png>]
<Figures/dendrogram.png, id=322, 409.53pt x 309.155pt>
File: Figures/dendrogram.png Graphic file (type png)

<use Figures/dendrogram.png>
Package pdftex.def Info: Figures/dendrogram.png used on input line 88.
(pdftex.def)             Requested size: 227.62204pt x 171.83778pt.
 [10 <./Figures/dendrogram.png>] [11] [12] [13]
[14] [15]

Package amsmath Warning: Foreign command \atopwithdelims;
(amsmath)                \frac or \genfrac should be used instead
(amsmath)                 on input line 194.

[16] [17]) (./results.tex
Chapter 3.
[18

] <Figures/DendrogramAllDataset.png, id=412, 1213.53375pt x 265.99374pt>
File: Figures/DendrogramAllDataset.png Graphic file (type png)

<use Figures/DendrogramAllDataset.png>
Package pdftex.def Info: Figures/DendrogramAllDataset.png used on input line 36
.
(pdftex.def)             Requested size: 455.24408pt x 99.78394pt.

Overfull \hbox (28.45273pt too wide) in paragraph at lines 36--37
 [][] 
 []

<Figures/tfidf_words.png, id=414, 462.528pt x 346.896pt>
File: Figures/tfidf_words.png Graphic file (type png)

<use Figures/tfidf_words.png>
Package pdftex.def Info: Figures/tfidf_words.png used on input line 48.
(pdftex.def)             Requested size: 227.62204pt x 170.71628pt.

Overfull \hbox (14.22636pt too wide) in paragraph at lines 48--49
 [][] 
 []

<Figures/tfidf_word2vec_words.png, id=415, 462.528pt x 346.896pt>
File: Figures/tfidf_word2vec_words.png Graphic file (type png)

<use Figures/tfidf_word2vec_words.png>
Package pdftex.def Info: Figures/tfidf_word2vec_words.png used on input line 54
.
(pdftex.def)             Requested size: 227.62204pt x 170.71628pt.

Overfull \hbox (14.22636pt too wide) in paragraph at lines 54--55
 [][] 
 []


Overfull \hbox (2.61049pt too wide) in paragraph at lines 46--58
[]$[]$ $[]$ 
 []

[19 <./Figures/DendrogramAllDataset.png>] [20 <./Figures/tfidf_words.png> <./Fi
gures/tfidf_word2vec_words.png>] (./positive_metrics.tex
Overfull \hbox (18.17293pt too wide) in paragraph at lines 4--25
 [][] 
 []

) <tfidf/clusters_score_tfidf_MIX.png, id=440, 384.4764pt x 337.5009pt>
File: tfidf/clusters_score_tfidf_MIX.png Graphic file (type png)

<use tfidf/clusters_score_tfidf_MIX.png>
Package pdftex.def Info: tfidf/clusters_score_tfidf_MIX.png used on input line 
98.
(pdftex.def)             Requested size: 209.1301pt x 183.58157pt.

<lsa/clusters_score_lsa_MIX.png, id=441, 380.8629pt x 328.8285pt>
File: lsa/clusters_score_lsa_MIX.png Graphic file (type png)

<use lsa/clusters_score_lsa_MIX.png>
Package pdftex.def Info: lsa/clusters_score_lsa_MIX.png used on input line 106.

(pdftex.def)             Requested size: 209.1301pt x 180.55518pt.

<word2vec/clusters_score_word2vec_MIX.png, id=442, 385.1991pt x 335.3328pt>
File: word2vec/clusters_score_word2vec_MIX.png Graphic file (type png)

<use word2vec/clusters_score_word2vec_MIX.png>
Package pdftex.def Info: word2vec/clusters_score_word2vec_MIX.png used on input
 line 117.
(pdftex.def)             Requested size: 213.39568pt x 185.77419pt.
 [21] [22 <./tfidf/clusters_score_tfidf_MIX.png> <./lsa/clusters_score_lsa_MIX.
png> <./word2vec/clusters_score_word2vec_MIX.png>] <tfidf/BEST_ARI_MIX.png, id=
462, 939.51pt x 867.24pt>
File: tfidf/BEST_ARI_MIX.png Graphic file (type png)

<use tfidf/BEST_ARI_MIX.png>
Package pdftex.def Info: tfidf/BEST_ARI_MIX.png used on input line 133.
(pdftex.def)             Requested size: 234.73654pt x 216.67714pt.

<tfidf/BEST_SIL_MIX.png, id=463, 939.51pt x 867.24pt>
File: tfidf/BEST_SIL_MIX.png Graphic file (type png)

<use tfidf/BEST_SIL_MIX.png>
Package pdftex.def Info: tfidf/BEST_SIL_MIX.png used on input line 141.
(pdftex.def)             Requested size: 234.73654pt x 216.67714pt.

<lsa/BEST_ARI_MIX.png, id=465, 939.51pt x 867.24pt>
File: lsa/BEST_ARI_MIX.png Graphic file (type png)
 <use lsa/BEST_ARI_MIX.png>
Package pdftex.def Info: lsa/BEST_ARI_MIX.png used on input line 157.
(pdftex.def)             Requested size: 234.73654pt x 216.67714pt.

[23 <./tfidf/BEST_ARI_MIX.png> <./tfidf/BEST_SIL_MIX.png>]
<lsa/BEST_SIL_MIX.png, id=474, 939.51pt x 867.24pt>
File: lsa/BEST_SIL_MIX.png Graphic file (type png)
 <use lsa/BEST_SIL_MIX.png>
Package pdftex.def Info: lsa/BEST_SIL_MIX.png used on input line 167.
(pdftex.def)             Requested size: 234.73654pt x 216.67714pt.

[24 <./lsa/BEST_ARI_MIX.png>]
<word2vec/BEST_ARI_MIX.png, id=484, 939.51pt x 867.24pt>
File: word2vec/BEST_ARI_MIX.png Graphic file (type png)

<use word2vec/BEST_ARI_MIX.png>
Package pdftex.def Info: word2vec/BEST_ARI_MIX.png used on input line 184.
(pdftex.def)             Requested size: 251.80533pt x 232.42441pt.

<word2vec/BEST_SIL_MIX.png, id=485, 939.51pt x 867.24pt>
File: word2vec/BEST_SIL_MIX.png Graphic file (type png)

<use word2vec/BEST_SIL_MIX.png>
Package pdftex.def Info: word2vec/BEST_SIL_MIX.png used on input line 193.
(pdftex.def)             Requested size: 251.80533pt x 232.42441pt.
 [25 <./lsa/BEST_SIL_MIX.png>] [26 <./word2vec/BEST_ARI_MIX.png> <./word2vec/BE
ST_SIL_MIX.png>] (./positive_proposals.tex
Overfull \hbox (24.80177pt too wide) in alignment at lines 3--8
 [] [] [] [] 
 []


Underfull \hbox (badness 5475) in paragraph at lines 10--10
[]|\T1/cmr/m/n/8 Open the ex-hi-bi-tion
 []


Underfull \hbox (badness 5119) in paragraph at lines 10--10
\T1/cmr/m/n/8 neigh-bor-hood of the
 []


Underfull \hbox (badness 7925) in paragraph at lines 13--13
[]|\T1/cmr/m/n/8 Coordination of the
 []


Underfull \hbox (badness 10000) in paragraph at lines 13--13
\T1/cmr/m/n/8 net-work-ing of large
 []


Underfull \hbox (badness 1320) in paragraph at lines 13--13
\T1/cmr/m/n/8 cul-tural fa-cil-i-ties and
 []


Underfull \hbox (badness 10000) in paragraph at lines 13--13
\T1/cmr/m/n/8 those with en-ti-ties,
 []


Underfull \hbox (badness 1062) in paragraph at lines 13--13
\T1/cmr/m/n/8 com-mu-ni-ties and col-
 []


Underfull \hbox (badness 1527) in paragraph at lines 13--13
\T1/cmr/m/n/8 lec-tives, both in the
 []


Underfull \hbox (badness 7925) in paragraph at lines 14--14
[]|\T1/cmr/m/n/8 Coordination of the
 []

(/usr/share/texlive/texmf-dist/tex/latex/ucs/data/uni-32.def
File: uni-32.def 2013/05/13 UCS: Unicode data U+2000..U+20FF
)
Underfull \hbox (badness 3396) in paragraph at lines 15--15
[]|\T1/cmr/m/n/8 The li-braries of the
 []


Underfull \hbox (badness 10000) in paragraph at lines 15--15
\T1/cmr/m/n/8 Dis-trict as cul-tural
 []


Underfull \hbox (badness 1406) in paragraph at lines 16--16
\T1/cmr/m/n/8 Go to the causes of
 []


Underfull \hbox (badness 10000) in paragraph at lines 18--18
[]|\T1/cmr/m/n/8 Strengthen the net-
 []


Underfull \hbox (badness 3746) in paragraph at lines 19--19
[]|\T1/cmr/m/n/8 Mental Health Plan:
 []


Underfull \hbox (badness 10000) in paragraph at lines 20--20
[]|\T1/cmr/m/n/8 Speeches of talks
 []


Underfull \hbox (badness 4391) in paragraph at lines 20--20
\T1/cmr/m/n/8 by neigh-bor-hoods of
 []


Underfull \hbox (badness 10000) in paragraph at lines 21--21
\T1/cmr/m/n/8 sym-bi-otic in-ter-ven-
 []


Underfull \hbox (badness 2951) in paragraph at lines 22--22
[]|\T1/cmr/m/n/8 Health in Barcelona:
 []


Underfull \hbox (badness 10000) in paragraph at lines 22--22
\T1/cmr/m/n/8 Re-view the pa-tient
 []


Underfull \hbox (badness 10000) in paragraph at lines 23--23
\T1/cmr/m/n/8 More re-sources are
 []


Underfull \hbox (badness 2293) in paragraph at lines 23--23
\T1/cmr/m/n/8 sion-als can do more
 []


Underfull \hbox (badness 1348) in paragraph at lines 23--23
\T1/cmr/m/n/8 work and com-mu-nity
 []


Underfull \hbox (badness 10000) in paragraph at lines 24--24
[]|\T1/cmr/m/n/8 Increase med-i-cal
 []


Underfull \hbox (badness 10000) in paragraph at lines 24--24
\T1/cmr/m/n/8 as-sis-tance - Horta
 []


Underfull \hbox (badness 1675) in paragraph at lines 25--25
[]|\T1/cmr/m/n/8 Reopen / cre-ate the
 []


Underfull \hbox (badness 4144) in paragraph at lines 25--25
\T1/cmr/m/n/8 ferred to as 'fam-ily
 []


Underfull \hbox (badness 10000) in paragraph at lines 26--26
[]|\T1/cmr/m/n/8 Training in health
 []


Underfull \hbox (badness 1776) in paragraph at lines 26--26
\T1/cmr/m/n/8 work-ers in func-tional
 []


Underfull \hbox (badness 3088) in paragraph at lines 27--27
[]|\T1/cmr/m/n/8 Ensure the ex-is-tence
 []


Underfull \hbox (badness 2277) in paragraph at lines 27--27
\T1/cmr/m/n/8 ver-sity, both in pri-
 []


Overfull \hbox (24.80177pt too wide) in alignment at lines 8--28
 [] [] [] [] 
 []


Underfull \hbox (badness 10000) in paragraph at lines 29--29
[]|\T1/cmr/m/n/8 Comprehensive com-
 []


Underfull \hbox (badness 7486) in paragraph at lines 29--29
\T1/cmr/m/n/8 mu-nity health plan,
 []


Underfull \hbox (badness 10000) in paragraph at lines 29--29
\T1/cmr/m/n/8 women, the el-derly
 []


Underfull \hbox (badness 10000) in paragraph at lines 29--29
\T1/cmr/m/n/8 and the im-mi-grant
 []


Underfull \hbox (badness 1028) in paragraph at lines 30--30
[]|\T1/cmr/m/n/8 Guarantee the sta-bil-
 []


Underfull \hbox (badness 1297) in paragraph at lines 30--30
\T1/cmr/m/n/8 cov-ery of health ser-
 []


Underfull \hbox (badness 2302) in paragraph at lines 30--30
\T1/cmr/m/n/8 vices and out-sourced
 []


Underfull \hbox (badness 10000) in paragraph at lines 31--31
[]|\T1/cmr/m/n/8 Incorporate LGBT
 []


Underfull \hbox (badness 10000) in paragraph at lines 31--31
\T1/cmr/m/n/8 per-spec-tive in the
 []


Underfull \hbox (badness 10000) in paragraph at lines 32--32
[]|\T1/cmr/m/n/8 Initiatives with
 []


Underfull \hbox (badness 10000) in paragraph at lines 34--34
[]|\T1/cmr/m/n/8 Start the "Refuge"
 []


Underfull \hbox (badness 10000) in paragraph at lines 35--35
[]|\T1/cmr/m/n/8 Start the plan
 []


Underfull \hbox (badness 10000) in paragraph at lines 35--35
\T1/cmr/m/n/8 "Barcelona,   a city
 []


Underfull \hbox (badness 8170) in paragraph at lines 36--36
[]|\T1/cmr/m/n/8 Participation in the
 []


Underfull \hbox (badness 1210) in paragraph at lines 37--37
\T1/cmr/m/n/8 er-al-i-tat in two lev-els
 []


Underfull \hbox (badness 4569) in paragraph at lines 40--40
\T1/cmr/m/n/8 soc-cer field in San-
 []


Underfull \hbox (badness 4582) in paragraph at lines 41--41
\T1/cmr/m/n/8 sports fa-cil-i-ties with
 []


Underfull \hbox (badness 3861) in paragraph at lines 42--42
\T1/cmr/m/n/8 young peo-ple dur-ing
 []


Underfull \hbox (badness 1275) in paragraph at lines 44--44
[]|\T1/cmr/m/n/8 Create a sports area
 []


Underfull \hbox (badness 1616) in paragraph at lines 46--46
[]|\T1/cmr/m/n/8 Improve and trans-fer
 []


Overfull \hbox (24.80177pt too wide) in alignment at lines 28--48
 [] [] [] [] 
 []

[27]
Underfull \hbox (badness 10000) in paragraph at lines 50--50
[]|\T1/cmr/m/n/8 Encourage and in-
 []


Underfull \hbox (badness 10000) in paragraph at lines 50--50
\T1/cmr/m/n/8 crease mu-nic-i-pal
 []


Overfull \hbox (2.23213pt too wide) in paragraph at lines 50--50
[]|\T1/cmr/m/n/8 Transparent
 []


Underfull \hbox (badness 10000) in paragraph at lines 50--50
\T1/cmr/m/n/8 gov-ern-
 []


Underfull \hbox (badness 6016) in paragraph at lines 51--51
[]|\T1/cmr/m/n/8 To achieve the full
 []


Underfull \hbox (badness 2334) in paragraph at lines 51--51
\T1/cmr/m/n/8 trans-parency and re-
 []


Overfull \hbox (2.23213pt too wide) in paragraph at lines 51--51
[]|\T1/cmr/m/n/8 Transparent
 []


Underfull \hbox (badness 10000) in paragraph at lines 51--51
\T1/cmr/m/n/8 gov-ern-
 []


Underfull \hbox (badness 5388) in paragraph at lines 52--52
[]|\T1/cmr/m/n/8 Prepare the Dis-trict
 []


Overfull \hbox (2.23213pt too wide) in paragraph at lines 52--52
[]|\T1/cmr/m/n/8 Transparent
 []


Underfull \hbox (badness 10000) in paragraph at lines 52--52
\T1/cmr/m/n/8 gov-ern-
 []


Underfull \hbox (badness 6016) in paragraph at lines 53--53
[]|\T1/cmr/m/n/8 To achieve the full
 []


Underfull \hbox (badness 2334) in paragraph at lines 53--53
\T1/cmr/m/n/8 trans-parency and re-
 []


Overfull \hbox (2.23213pt too wide) in paragraph at lines 53--53
[]|\T1/cmr/m/n/8 Transparent
 []


Underfull \hbox (badness 10000) in paragraph at lines 53--53
\T1/cmr/m/n/8 gov-ern-
 []


Underfull \hbox (badness 1281) in paragraph at lines 54--54
\T1/cmr/m/n/8 nally on some fronts
 []


Underfull \hbox (badness 6825) in paragraph at lines 54--54
\T1/cmr/m/n/8 linked to the com-
 []


Underfull \hbox (badness 3019) in paragraph at lines 54--54
\T1/cmr/m/n/8 the ex-ist-ing pro-com-
 []


Underfull \hbox (badness 1960) in paragraph at lines 54--54
\T1/cmr/m/n/8 spect-ing their au-ton-
 []


Overfull \hbox (2.23213pt too wide) in paragraph at lines 54--54
[]|\T1/cmr/m/n/8 Transparent
 []


Underfull \hbox (badness 10000) in paragraph at lines 54--54
\T1/cmr/m/n/8 gov-ern-
 []


Underfull \hbox (badness 10000) in paragraph at lines 55--55
\T1/cmr/m/n/8 mu-ni-ca-tion chan-nels
 []


Overfull \hbox (2.23213pt too wide) in paragraph at lines 55--55
[]|\T1/cmr/m/n/8 Transparent
 []


Underfull \hbox (badness 10000) in paragraph at lines 55--55
\T1/cmr/m/n/8 gov-ern-
 []


Underfull \hbox (badness 10000) in paragraph at lines 56--56
[]|\T1/cmr/m/n/8 Develop an eth-i-cal
 []


Underfull \hbox (badness 1418) in paragraph at lines 56--56
\T1/cmr/m/n/8 code for elected of-fi-
 []


Overfull \hbox (2.23213pt too wide) in paragraph at lines 56--56
[]|\T1/cmr/m/n/8 Transparent
 []


Underfull \hbox (badness 10000) in paragraph at lines 56--56
\T1/cmr/m/n/8 gov-ern-
 []


Overfull \hbox (2.23213pt too wide) in paragraph at lines 57--57
[]|\T1/cmr/m/n/8 Transparent
 []


Underfull \hbox (badness 10000) in paragraph at lines 57--57
\T1/cmr/m/n/8 gov-ern-
 []


Overfull \hbox (2.23213pt too wide) in paragraph at lines 58--58
[]|\T1/cmr/m/n/8 Transparent
 []


Underfull \hbox (badness 10000) in paragraph at lines 58--58
\T1/cmr/m/n/8 gov-ern-
 []


Underfull \hbox (badness 10000) in paragraph at lines 59--59
[]|\T1/cmr/m/n/8 District com-mu-ni-ca-
 []


Overfull \hbox (2.23213pt too wide) in paragraph at lines 59--59
[]|\T1/cmr/m/n/8 Transparent
 []


Underfull \hbox (badness 10000) in paragraph at lines 59--59
\T1/cmr/m/n/8 gov-ern-
 []


Underfull \hbox (badness 1082) in paragraph at lines 60--60
[]|\T1/cmr/m/n/8 Improve the in-for-ma-
 []


Overfull \hbox (2.23213pt too wide) in paragraph at lines 60--60
[]|\T1/cmr/m/n/8 Transparent
 []


Underfull \hbox (badness 10000) in paragraph at lines 60--60
\T1/cmr/m/n/8 gov-ern-
 []


Underfull \hbox (badness 10000) in paragraph at lines 61--61
[]|\T1/cmr/m/n/8 Improve gen-eral
 []


Underfull \hbox (badness 10000) in paragraph at lines 61--61
\T1/cmr/m/n/8 com-mu-ni-ca-tion and
 []


Overfull \hbox (2.23213pt too wide) in paragraph at lines 61--61
[]|\T1/cmr/m/n/8 Transparent
 []


Underfull \hbox (badness 10000) in paragraph at lines 61--61
\T1/cmr/m/n/8 gov-ern-
 []


Overfull \hbox (2.23213pt too wide) in paragraph at lines 62--62
[]|\T1/cmr/m/n/8 Transparent
 []


Underfull \hbox (badness 10000) in paragraph at lines 62--62
\T1/cmr/m/n/8 gov-ern-
 []


Overfull \hbox (24.80177pt too wide) in alignment at lines 48--66
 [] [] [] [] 
 []

[28] [29]) (./negative_metric.tex
Overfull \hbox (18.17293pt too wide) in paragraph at lines 5--28
 [][] 
 []

)
<tfidf/clusters_score_tf-idf_Global_Justice.png, id=515, 384.4764pt x 338.9463p
t>
File: tfidf/clusters_score_tf-idf_Global_Justice.png Graphic file (type png)
 <use tfidf/clusters_score_tf-idf_Global_Justice.png>
Package pdftex.def Info: tfidf/clusters_score_tf-idf_Global_Justice.png used on
 input line 226.
(pdftex.def)             Requested size: 209.1301pt x 184.3678pt.

<lsa/clusters_score_lsa_Global_Justice.png, id=516, 381.5856pt x 335.3328pt>
File: lsa/clusters_score_lsa_Global_Justice.png Graphic file (type png)

<use lsa/clusters_score_lsa_Global_Justice.png>
Package pdftex.def Info: lsa/clusters_score_lsa_Global_Justice.png used on inpu
t line 234.
(pdftex.def)             Requested size: 209.1301pt x 183.78377pt.

<word2vec/clusters_score_word2vec_Global_Justice.png, id=517, 381.5856pt x 335.
3328pt>
File: word2vec/clusters_score_word2vec_Global_Justice.png Graphic file (type pn
g)
 <use word2vec/clusters_score_word2vec_Global_Justice.png>
Package pdftex.def Info: word2vec/clusters_score_word2vec_Global_Justice.png us
ed on input line 243.
(pdftex.def)             Requested size: 209.1301pt x 183.78377pt.
 [30] [31 <./tfidf/clusters_score_tf-idf_Global_Justice.png> <./lsa/clusters_sc
ore_lsa_Global_Justice.png> <./word2vec/clusters_score_word2vec_Global_Justice.
png>]
<tfidf/BEST_NMI_Global_Justice.png, id=537, 1445.4pt x 1084.05pt>
File: tfidf/BEST_NMI_Global_Justice.png Graphic file (type png)

<use tfidf/BEST_NMI_Global_Justice.png>
Package pdftex.def Info: tfidf/BEST_NMI_Global_Justice.png used on input line 2
68.
(pdftex.def)             Requested size: 204.85802pt x 153.63512pt.

<tfidf/BEST_PURITY_Global_Justice.png, id=538, 1445.4pt x 1084.05pt>
File: tfidf/BEST_PURITY_Global_Justice.png Graphic file (type png)

<use tfidf/BEST_PURITY_Global_Justice.png>
Package pdftex.def Info: tfidf/BEST_PURITY_Global_Justice.png used on input lin
e 276.
(pdftex.def)             Requested size: 204.85802pt x 153.63512pt.

<tfidf/BEST_ARI_Global_Justice.png, id=539, 1445.4pt x 1084.05pt>
File: tfidf/BEST_ARI_Global_Justice.png Graphic file (type png)

<use tfidf/BEST_ARI_Global_Justice.png>
Package pdftex.def Info: tfidf/BEST_ARI_Global_Justice.png used on input line 2
84.
(pdftex.def)             Requested size: 204.85802pt x 153.63512pt.

<tfidf/BEST_SIL_Global_Justice.png, id=540, 1445.4pt x 1084.05pt>
File: tfidf/BEST_SIL_Global_Justice.png Graphic file (type png)

<use tfidf/BEST_SIL_Global_Justice.png>
Package pdftex.def Info: tfidf/BEST_SIL_Global_Justice.png used on input line 2
92.
(pdftex.def)             Requested size: 204.85802pt x 153.63512pt.
 [32] [33 <./tfidf/BEST_NMI_Global_Justice.png> <./tfidf/BEST_PURITY_Global_Jus
tice.png> <./tfidf/BEST_ARI_Global_Justice.png> <./tfidf/BEST_SIL_Global_Justic
e.png>]
<lsa/BEST_ARI_Global_Justice.png, id=560, 1445.4pt x 1084.05pt>
File: lsa/BEST_ARI_Global_Justice.png Graphic file (type png)

<use lsa/BEST_ARI_Global_Justice.png>
Package pdftex.def Info: lsa/BEST_ARI_Global_Justice.png used on input line 315
.
(pdftex.def)             Requested size: 204.85802pt x 153.63512pt.

<lsa/BEST_SIL_Global_Justice.png, id=561, 1445.4pt x 1084.05pt>
File: lsa/BEST_SIL_Global_Justice.png Graphic file (type png)

<use lsa/BEST_SIL_Global_Justice.png>
Package pdftex.def Info: lsa/BEST_SIL_Global_Justice.png used on input line 323
.
(pdftex.def)             Requested size: 204.85802pt x 153.63512pt.
 [34 <./lsa/BEST_ARI_Global_Justice.png> <./lsa/BEST_SIL_Global_Justice.png>]
<word2vec/BEST_ARI_Global_Justice.png, id=582, 1445.4pt x 1084.05pt>
File: word2vec/BEST_ARI_Global_Justice.png Graphic file (type png)

<use word2vec/BEST_ARI_Global_Justice.png>
Package pdftex.def Info: word2vec/BEST_ARI_Global_Justice.png used on input lin
e 364.
(pdftex.def)             Requested size: 256.07741pt x 192.06044pt.

<word2vec/BEST_SIL_Global_Justice.png, id=583, 1445.4pt x 1084.05pt>
File: word2vec/BEST_SIL_Global_Justice.png Graphic file (type png)

<use word2vec/BEST_SIL_Global_Justice.png>
Package pdftex.def Info: word2vec/BEST_SIL_Global_Justice.png used on input lin
e 372.
(pdftex.def)             Requested size: 256.07741pt x 192.06044pt.
 [35] [36 <./word2vec/BEST_ARI_Global_Justice.png> <./word2vec/BEST_SIL_Global_
Justice.png>]
(./negative_proposals.tex
Overfull \hbox (25.97917pt too wide) in alignment at lines 4--9
 [] [] [] [] 
 []


Underfull \hbox (badness 6157) in paragraph at lines 10--10
[]|\T1/cmr/m/n/8 Actions on co-op-er-a-
 []


Underfull \hbox (badness 10000) in paragraph at lines 11--11
[]|\T1/cmr/m/n/8 Start the "Refuge"
 []


Underfull \hbox (badness 10000) in paragraph at lines 12--12
[]|\T1/cmr/m/n/8 Initiatives with
 []


Underfull \hbox (badness 10000) in paragraph at lines 17--17
[]|\T1/cmr/m/n/8 Report in-ter-na-tional
 []


Underfull \hbox (badness 8075) in paragraph at lines 20--20
\T1/cmr/m/n/8 tices be-tween Eu-ro-
 []


Underfull \hbox (badness 2726) in paragraph at lines 23--23
[]|\T1/cmr/m/n/8 Transition to-wards a
 []


Underfull \hbox (badness 1496) in paragraph at lines 23--23
\T1/cmr/m/n/8 model of co-op-er-a-tion
 []


Underfull \hbox (badness 10000) in paragraph at lines 25--25
[]|\T1/cmr/m/n/8 Coordinate and
 []


Underfull \hbox (badness 10000) in paragraph at lines 25--25
\T1/cmr/m/n/8 strengthen the in-
 []


Underfull \hbox (badness 10000) in paragraph at lines 25--25
\T1/cmr/m/n/8 ter-na-tional net-works
 []


Underfull \hbox (badness 10000) in paragraph at lines 27--27
[]|\T1/cmr/m/n/8 Incorporate LGBT
 []


Underfull \hbox (badness 10000) in paragraph at lines 27--27
\T1/cmr/m/n/8 per-spec-tive in the
 []


Underfull \hbox (badness 10000) in paragraph at lines 29--29
[]|\T1/cmr/m/n/8 Create re-cep-tion
 []


Underfull \hbox (badness 2103) in paragraph at lines 29--29
\T1/cmr/m/n/8 spaces for im-mi-grant
 []


Overfull \hbox (25.97917pt too wide) in alignment at lines 9--29
 [] [] [] [] 
 []


Underfull \hbox (badness 1418) in paragraph at lines 31--31
[]|\T1/cmr/m/n/8 Barcelona city refuge
 []


Underfull \hbox (badness 10000) in paragraph at lines 32--32
[]|\T1/cmr/m/n/8 Start the plan
 []


Underfull \hbox (badness 10000) in paragraph at lines 32--32
\T1/cmr/m/n/8 "Barcelona,   a city
 []


Underfull \hbox (badness 10000) in paragraph at lines 34--34
[]|\T1/cmr/m/n/8 Leadership of
 []


Underfull \hbox (badness 1210) in paragraph at lines 35--35
\T1/cmr/m/n/8 er-al-i-tat in two lev-els
 []


Underfull \hbox (badness 8170) in paragraph at lines 36--36
[]|\T1/cmr/m/n/8 Participation in the
 []


Overfull \hbox (25.97917pt too wide) in alignment at lines 29--41
 [] [] [] [] 
 []

[37]) [38]) (./discussion.tex
Chapter 4.

Underfull \hbox (badness 10000) in paragraph at lines 2--3

 []


Underfull \hbox (badness 10000) in paragraph at lines 4--5

 []

[39

] [40]) (./MasterThesis.lof)
\tf@lof=\write5
\openout5 = `MasterThesis.lof'.

 [41] (./MasterThesis.lot)
\tf@lot=\write6
\openout6 = `MasterThesis.lot'.

 (./MasterThesis.bbl
[42] [43

])
Package atveryend Info: Empty hook `BeforeClearDocument' on input line 82.
 [44]
Package atveryend Info: Empty hook `AfterLastShipout' on input line 82.
 (./MasterThesis.aux)
Package atveryend Info: Executing hook `AtVeryEndDocument' on input line 82.
Package atveryend Info: Executing hook `AtEndAfterFileList' on input line 82.
Package rerunfilecheck Info: File `MasterThesis.out' has not changed.
(rerunfilecheck)             Checksum: 273CBBBE9B51D2839CBAD74FB8E117F6;2299.
Package atveryend Info: Empty hook `AtVeryVeryEnd' on input line 82.
 ) 
Here is how much of TeX's memory you used:
 13026 strings out of 493029
 192506 string characters out of 6136234
 332749 words of memory out of 5000000
 16121 multiletter control sequences out of 15000+600000
 19972 words of font info for 50 fonts, out of 8000000 for 9000
 1141 hyphenation exceptions out of 8191
 42i,11n,49p,1007b,562s stack positions out of 5000i,500n,10000p,200000b,80000s
pdfTeX warning (dest): name{Hfootnote.2} has been referenced but does not exi
st, replaced by a fixed one

pdfTeX warning (dest): name{Hfootnote.1} has been referenced but does not exist
, replaced by a fixed one

{/usr/share/texmf/fonts/enc/dvips/cm-super/cm-super-t1.enc}</usr/share/texlive/
texmf-dist/fonts/type1/public/amsfonts/cm/cmex10.pfb></usr/share/texlive/texmf-
dist/fonts/type1/public/amsfonts/cm/cmmi12.pfb></usr/share/texlive/texmf-dist/f
onts/type1/public/amsfonts/cm/cmmi6.pfb></usr/share/texlive/texmf-dist/fonts/ty
pe1/public/amsfonts/cm/cmmi8.pfb></usr/share/texlive/texmf-dist/fonts/type1/pub
lic/amsfonts/cm/cmr12.pfb></usr/share/texlive/texmf-dist/fonts/type1/public/ams
fonts/cm/cmr6.pfb></usr/share/texlive/texmf-dist/fonts/type1/public/amsfonts/cm
/cmr8.pfb></usr/share/texlive/texmf-dist/fonts/type1/public/amsfonts/cm/cmsy10.
pfb></usr/share/texlive/texmf-dist/fonts/type1/public/amsfonts/cm/cmsy6.pfb></u
sr/share/texlive/texmf-dist/fonts/type1/public/amsfonts/cm/cmsy8.pfb></usr/shar
e/texmf/fonts/type1/public/cm-super/sfbx0800.pfb></usr/share/texmf/fonts/type1/
public/cm-super/sfbx1200.pfb></usr/share/texmf/fonts/type1/public/cm-super/sfbx
1440.pfb></usr/share/texmf/fonts/type1/public/cm-super/sfbx1728.pfb></usr/share
/texmf/fonts/type1/public/cm-super/sfbx2488.pfb></usr/share/texmf/fonts/type1/p
ublic/cm-super/sfrm0700.pfb></usr/share/texmf/fonts/type1/public/cm-super/sfrm0
800.pfb></usr/share/texmf/fonts/type1/public/cm-super/sfrm1095.pfb></usr/share/
texmf/fonts/type1/public/cm-super/sfrm1200.pfb></usr/share/texmf/fonts/type1/pu
blic/cm-super/sfrm1440.pfb></usr/share/texmf/fonts/type1/public/cm-super/sfrm17
28.pfb></usr/share/texmf/fonts/type1/public/cm-super/sfsl1200.pfb></usr/share/t
exmf/fonts/type1/public/cm-super/sfti1200.pfb></usr/share/texmf/fonts/type1/pub
lic/cm-super/sftt1000.pfb>
Output written on MasterThesis.pdf (52 pages, 2936883 bytes).
PDF statistics:
 775 PDF objects out of 1000 (max. 8388607)
 638 compressed objects within 7 object streams
 140 named destinations out of 1000 (max. 500000)
 419 words of extra memory for PDF output out of 10000 (max. 10000000)

