\BOOKMARK [0][-]{chapter.1}{Introduction}{}% 1
\BOOKMARK [1][-]{section.1.1}{Motivation}{chapter.1}% 2
\BOOKMARK [1][-]{section.1.2}{Challenges}{chapter.1}% 3
\BOOKMARK [1][-]{section.1.3}{Objectives}{chapter.1}% 4
\BOOKMARK [1][-]{section.1.4}{Structure of the Report}{chapter.1}% 5
\BOOKMARK [0][-]{chapter.2}{Background \046 Methods}{}% 6
\BOOKMARK [1][-]{section.2.1}{Dedicim Barcelona}{chapter.2}% 7
\BOOKMARK [1][-]{section.2.2}{Data Preprocessing and Translation}{chapter.2}% 8
\BOOKMARK [1][-]{section.2.3}{Data Representation}{chapter.2}% 9
\BOOKMARK [2][-]{subsection.2.3.1}{TF-IDF}{section.2.3}% 10
\BOOKMARK [2][-]{subsection.2.3.2}{Latent Semantic Analysis}{section.2.3}% 11
\BOOKMARK [2][-]{subsection.2.3.3}{Word2Vec}{section.2.3}% 12
\BOOKMARK [1][-]{section.2.4}{Clustering Algorithm}{chapter.2}% 13
\BOOKMARK [2][-]{subsection.2.4.1}{Hierarchical Clustering}{section.2.4}% 14
\BOOKMARK [1][-]{section.2.5}{Similarity Measures}{chapter.2}% 15
\BOOKMARK [2][-]{subsection.2.5.1}{Euclidean Distance}{section.2.5}% 16
\BOOKMARK [2][-]{subsection.2.5.2}{Cosine Similarity}{section.2.5}% 17
\BOOKMARK [1][-]{section.2.6}{Cluster Evaluation}{chapter.2}% 18
\BOOKMARK [2][-]{subsection.2.6.1}{Silhouette Coefficient}{section.2.6}% 19
\BOOKMARK [2][-]{subsection.2.6.2}{Purity}{section.2.6}% 20
\BOOKMARK [2][-]{subsection.2.6.3}{Normalized Mutual Information}{section.2.6}% 21
\BOOKMARK [2][-]{subsection.2.6.4}{Adjusted Rand Index}{section.2.6}% 22
\BOOKMARK [0][-]{chapter.3}{Results}{}% 23
\BOOKMARK [1][-]{section.3.1}{Dataset Details}{chapter.3}% 24
\BOOKMARK [1][-]{section.3.2}{Positive Results}{chapter.3}% 25
\BOOKMARK [2][-]{subsection.3.2.1}{Tf-Idf Results}{section.3.2}% 26
\BOOKMARK [2][-]{subsection.3.2.2}{LSA Results}{section.3.2}% 27
\BOOKMARK [2][-]{subsection.3.2.3}{Word2Vec Results}{section.3.2}% 28
\BOOKMARK [1][-]{section.3.3}{Negative Results}{chapter.3}% 29
\BOOKMARK [2][-]{subsection.3.3.1}{Tf-Idf Results}{section.3.3}% 30
\BOOKMARK [2][-]{subsection.3.3.2}{LSA Results}{section.3.3}% 31
\BOOKMARK [2][-]{subsection.3.3.3}{Word2Vec Results}{section.3.3}% 32
\BOOKMARK [0][-]{chapter.4}{Conclusions}{}% 33
\BOOKMARK [0][-]{section*.19}{List of Figures}{}% 34
\BOOKMARK [0][-]{section*.20}{List of Tables}{}% 35
\BOOKMARK [0][-]{chapter*.21}{Bibliography}{}% 36
